{"total": {"lines":{"total":136,"covered":136,"skipped":0,"pct":100},"statements":{"total":136,"covered":136,"skipped":0,"pct":100},"functions":{"total":20,"covered":20,"skipped":0,"pct":100},"branches":{"total":54,"covered":51,"skipped":0,"pct":94.44}}
,"C:\\qualityforschool\\sqe-workshop-2018-sample-project-master\\src\\js\\code-analyzer.js": {"lines":{"total":136,"covered":136,"skipped":0,"pct":100},"functions":{"total":20,"covered":20,"skipped":0,"pct":100},"statements":{"total":136,"covered":136,"skipped":0,"pct":100},"branches":{"total":54,"covered":51,"skipped":0,"pct":94.44}}
}
